<?xml version="1.0" encoding="UTF-8"?>
<testng-results skipped="0" failed="0" total="1" passed="1">
  <reporter-output>
  </reporter-output>
  <suite name="Default suite" duration-ms="10689" started-at="2016-02-02T08:59:07Z" finished-at="2016-02-02T08:59:18Z">
    <groups>
    </groups>
    <test name="Default test" duration-ms="10689" started-at="2016-02-02T08:59:07Z" finished-at="2016-02-02T08:59:18Z">
      <class name="com.Suite.TestSuite">
        <test-method status="PASS" signature="Initialize()[pri:0, instance:com.Suite.TestSuite@5e025e70]" name="Initialize" is-config="true" duration-ms="9550" started-at="2016-02-02T14:29:07Z" finished-at="2016-02-02T14:29:17Z">
          <reporter-output>
          </reporter-output>
        </test-method> <!-- Initialize -->
        <test-method status="PASS" signature="ABC()[pri:0, instance:com.Suite.TestSuite@5e025e70]" name="ABC" duration-ms="1139" started-at="2016-02-02T14:29:17Z" finished-at="2016-02-02T14:29:18Z">
          <reporter-output>
          </reporter-output>
        </test-method> <!-- ABC -->
      </class> <!-- com.Suite.TestSuite -->
    </test> <!-- Default test -->
  </suite> <!-- Default suite -->
</testng-results>
